<?xml version="1.0" encoding="UTF-8"?>
<!-- Generated by org.testng.reporters.JUnitReportReporter -->
<testsuite hostname="Ashishs-MacBook-Pro.local" failures="0" tests="16" name="com.swaglab.testscript.LoginPageTestTest" time="17.377" errors="0" timestamp="2024-02-08T17:54:05 IST" skipped="0">
  <testcase classname="com.swaglab.testscript.LoginPageTestTest" name="testLogin" time="0.895"/>
  <testcase classname="com.swaglab.testscript.LoginPageTestTest" name="testLogin" time="0.336"/>
  <testcase classname="com.swaglab.testscript.LoginPageTestTest" name="testLogin" time="0.371"/>
  <testcase classname="com.swaglab.testscript.LoginPageTestTest" name="testLogin" time="2.988"/>
  <testcase classname="com.swaglab.testscript.LoginPageTestTest" name="testLogin" time="7.667"/>
  <testcase classname="com.swaglab.testscript.LoginPageTestTest" name="testLogin" time="0.274"/>
  <testcase classname="com.swaglab.testscript.LoginPageTestTest" name="testLogin" time="0.458"/>
  <testcase classname="com.swaglab.testscript.LoginPageTestTest" name="testLogin" time="0.307"/>
  <testcase classname="com.swaglab.testscript.LoginPageTestTest" name="testLogin" time="0.403"/>
  <testcase classname="com.swaglab.testscript.LoginPageTestTest" name="testLogin" time="0.236"/>
  <testcase classname="com.swaglab.testscript.LoginPageTestTest" name="testLogin" time="0.291"/>
  <testcase classname="com.swaglab.testscript.LoginPageTestTest" name="testLogin" time="0.903"/>
  <testcase classname="com.swaglab.testscript.LoginPageTestTest" name="testLogin" time="0.228"/>
  <testcase classname="com.swaglab.testscript.LoginPageTestTest" name="testLogin" time="1.252"/>
  <testcase classname="com.swaglab.testscript.LoginPageTestTest" name="testLogin" time="0.435"/>
  <testcase classname="com.swaglab.testscript.LoginPageTestTest" name="testLogin" time="0.333"/>
</testsuite> <!-- com.swaglab.testscript.LoginPageTestTest -->
