<?xml version="1.0" encoding="UTF-8"?>
<!-- Generated by org.testng.reporters.JUnitReportReporter -->
<testsuite hostname="Ashishs-MacBook-Pro.local" failures="0" tests="17" name="com.swaglab.testscript.LoginPageTestTest" time="17.696" errors="0" timestamp="2024-02-07T20:29:42 IST" skipped="0">
  <testcase classname="com.swaglab.testscript.LoginPageTestTest" name="testLogo" time="0.332"/>
  <testcase classname="com.swaglab.testscript.LoginPageTestTest" name="testLogin" time="0.450"/>
  <testcase classname="com.swaglab.testscript.LoginPageTestTest" name="testLogin" time="0.238"/>
  <testcase classname="com.swaglab.testscript.LoginPageTestTest" name="testLogin" time="0.314"/>
  <testcase classname="com.swaglab.testscript.LoginPageTestTest" name="testLogin" time="0.258"/>
  <testcase classname="com.swaglab.testscript.LoginPageTestTest" name="testLogin" time="1.452"/>
  <testcase classname="com.swaglab.testscript.LoginPageTestTest" name="testLogin" time="0.482"/>
  <testcase classname="com.swaglab.testscript.LoginPageTestTest" name="testLogin" time="0.351"/>
  <testcase classname="com.swaglab.testscript.LoginPageTestTest" name="testLogin" time="0.308"/>
  <testcase classname="com.swaglab.testscript.LoginPageTestTest" name="testLogin" time="0.964"/>
  <testcase classname="com.swaglab.testscript.LoginPageTestTest" name="testLogin" time="0.242"/>
  <testcase classname="com.swaglab.testscript.LoginPageTestTest" name="testLogin" time="7.550"/>
  <testcase classname="com.swaglab.testscript.LoginPageTestTest" name="testLogin" time="0.265"/>
  <testcase classname="com.swaglab.testscript.LoginPageTestTest" name="testLogin" time="2.675"/>
  <testcase classname="com.swaglab.testscript.LoginPageTestTest" name="testLogin" time="0.921"/>
  <testcase classname="com.swaglab.testscript.LoginPageTestTest" name="testLogin" time="0.473"/>
  <testcase classname="com.swaglab.testscript.LoginPageTestTest" name="testLogin" time="0.421"/>
</testsuite> <!-- com.swaglab.testscript.LoginPageTestTest -->
